<?xml version="1.0" encoding="UTF-8"?>
<!-- Generated by org.testng.reporters.JUnitReportReporter -->
<testsuite skipped="0" hostname="Eglicious" name="AutomationFrameWork.PracticeProjectMvn.EbayMvnCreatAccHRun" tests="1" failures="0" timestamp="21 Jun 2019 18:57:08 GMT" time="28.417" errors="0">
  <testcase name="run" time="28.417" classname="AutomationFrameWork.PracticeProjectMvn.EbayMvnCreatAccHRun"/>
</testsuite> <!-- AutomationFrameWork.PracticeProjectMvn.EbayMvnCreatAccHRun -->
